2015/01/09 12:59:18 Info   Windows Version = 6.2
2015/01/09 12:59:18 Error  Failed to load VistaAPI.dll (Utils\Utils.cpp#149)
2015/01/09 12:59:18 Info   Starting JoyToKey Ver5.2.1 (AppInfo.cpp#21)
2015/01/09 12:59:18 Info   ExeFile=D:\Desktop\手柄\JoyToKey.exe (AppInfo.cpp#22)
2015/01/09 12:59:18 Info   IniFile=D:\Desktop\手柄\JoyToKey.ini (AppInfo.cpp#93)
2015/01/09 12:59:18 Info   LicenseKey "" is not valid
2015/01/09 12:59:18 Info   Found a joystick: {097CD6B0-66CE-11E4-8001-444553540000}, Controller (MaxFire Blaze5), Controller (MaxFire Blaze5)
2015/01/09 12:59:18 Info   numAxis = 5
2015/01/09 12:59:18 Info   numPOVs = 1
2015/01/09 12:59:18 Info   numButtons = 10
2015/01/09 12:59:18 Info   EnumDeviceObject: Axis offset=4 type=102 name=Y 轴
2015/01/09 12:59:18 Info   EnumDeviceObject: Axis offset=0 type=2 name=X 轴
2015/01/09 12:59:18 Info   EnumDeviceObject: Axis offset=16 type=402 name=Y 旋转
2015/01/09 12:59:18 Info   EnumDeviceObject: Axis offset=12 type=302 name=X 旋转
2015/01/09 12:59:18 Info   EnumDeviceObject: Axis offset=8 type=202 name=Z 轴
2015/01/09 12:59:18 Info   Detected 1 joystick(s)
2015/01/09 12:59:18 Info   Joystick 1: Controller (MaxFire Blaze5)
2015/01/09 12:59:18 Info   1 joysticks are detected (Joystick.cpp#100)
2015/01/09 12:59:18 Info   ConfigDir=D:\Desktop\手柄\*.cfg (ConfigFileManager.cpp#43)
2015/01/09 12:59:18 Info   Failed to find AppLink.dat (AppLink\AppLinkManager.cpp#32)
2015/01/09 12:59:18 Error  仅完成部分的 ReadProcessMemory 或 WriteProcessMemory 请求。
 (Utils\Utils.cpp#396)
2015/01/09 12:59:36 Error  仅完成部分的 ReadProcessMemory 或 WriteProcessMemory 请求。
 (Utils\Utils.cpp#396)
2015/01/09 12:59:39 Error  仅完成部分的 ReadProcessMemory 或 WriteProcessMemory 请求。
 (Utils\Utils.cpp#396)
2015/01/09 12:59:41 Error  仅完成部分的 ReadProcessMemory 或 WriteProcessMemory 请求。
 (Utils\Utils.cpp#396)
2015/01/09 12:59:41 Error  仅完成部分的 ReadProcessMemory 或 WriteProcessMemory 请求。
 (Utils\Utils.cpp#396)
2015/01/09 12:59:49 Error  仅完成部分的 ReadProcessMemory 或 WriteProcessMemory 请求。
 (Utils\Utils.cpp#396)
2015/01/09 12:59:52 Error  拒绝访问。
 (Utils\Utils.cpp#401)
2015/01/09 12:59:54 Error  仅完成部分的 ReadProcessMemory 或 WriteProcessMemory 请求。
 (Utils\Utils.cpp#396)
2015/01/09 12:59:58 Error  仅完成部分的 ReadProcessMemory 或 WriteProcessMemory 请求。
 (Utils\Utils.cpp#396)
2015/01/09 12:59:59 Error  仅完成部分的 ReadProcessMemory 或 WriteProcessMemory 请求。
 (Utils\Utils.cpp#396)
2015/01/09 13:00:02 Error  仅完成部分的 ReadProcessMemory 或 WriteProcessMemory 请求。
 (Utils\Utils.cpp#396)
2015/01/09 13:00:05 Error  仅完成部分的 ReadProcessMemory 或 WriteProcessMemory 请求。
 (Utils\Utils.cpp#396)
2015/01/09 13:00:08 Error  仅完成部分的 ReadProcessMemory 或 WriteProcessMemory 请求。
 (Utils\Utils.cpp#396)
2015/01/09 13:00:10 Error  仅完成部分的 ReadProcessMemory 或 WriteProcessMemory 请求。
 (Utils\Utils.cpp#396)
2015/01/09 13:00:11 Error  仅完成部分的 ReadProcessMemory 或 WriteProcessMemory 请求。
 (Utils\Utils.cpp#396)
2015/01/09 13:00:14 Error  仅完成部分的 ReadProcessMemory 或 WriteProcessMemory 请求。
 (Utils\Utils.cpp#396)
2015/01/09 13:00:14 Error  仅完成部分的 ReadProcessMemory 或 WriteProcessMemory 请求。
 (Utils\Utils.cpp#396)
2015/01/09 13:00:15 Error  仅完成部分的 ReadProcessMemory 或 WriteProcessMemory 请求。
 (Utils\Utils.cpp#396)
2015/01/09 13:00:15 Error  仅完成部分的 ReadProcessMemory 或 WriteProcessMemory 请求。
 (Utils\Utils.cpp#396)
2015/01/09 13:00:15 Error  仅完成部分的 ReadProcessMemory 或 WriteProcessMemory 请求。
 (Utils\Utils.cpp#396)
2015/01/09 13:00:22 Error  仅完成部分的 ReadProcessMemory 或 WriteProcessMemory 请求。
 (Utils\Utils.cpp#396)
2015/01/09 13:00:22 Error  仅完成部分的 ReadProcessMemory 或 WriteProcessMemory 请求。
 (Utils\Utils.cpp#396)
2015/01/09 13:00:22 Error  仅完成部分的 ReadProcessMemory 或 WriteProcessMemory 请求。
 (Utils\Utils.cpp#396)
2015/01/09 13:00:23 Error  仅完成部分的 ReadProcessMemory 或 WriteProcessMemory 请求。
 (Utils\Utils.cpp#396)
2015/01/09 13:01:47 Error  仅完成部分的 ReadProcessMemory 或 WriteProcessMemory 请求。
 (Utils\Utils.cpp#396)
2015/01/09 13:02:27 Error  仅完成部分的 ReadProcessMemory 或 WriteProcessMemory 请求。
 (Utils\Utils.cpp#396)
2015/01/09 13:02:49 Error  仅完成部分的 ReadProcessMemory 或 WriteProcessMemory 请求。
 (Utils\Utils.cpp#396)
2015/01/09 13:02:51 Error  仅完成部分的 ReadProcessMemory 或 WriteProcessMemory 请求。
 (Utils\Utils.cpp#396)
2015/01/09 13:02:51 Error  仅完成部分的 ReadProcessMemory 或 WriteProcessMemory 请求。
 (Utils\Utils.cpp#396)
2015/01/09 13:02:51 Error  仅完成部分的 ReadProcessMemory 或 WriteProcessMemory 请求。
 (Utils\Utils.cpp#396)
2015/01/09 13:02:58 Error  仅完成部分的 ReadProcessMemory 或 WriteProcessMemory 请求。
 (Utils\Utils.cpp#396)
2015/01/09 13:03:03 Error  仅完成部分的 ReadProcessMemory 或 WriteProcessMemory 请求。
 (Utils\Utils.cpp#396)
2015/01/09 13:03:06 Error  仅完成部分的 ReadProcessMemory 或 WriteProcessMemory 请求。
 (Utils\Utils.cpp#396)
2015/01/09 13:03:13 Error  仅完成部分的 ReadProcessMemory 或 WriteProcessMemory 请求。
 (Utils\Utils.cpp#396)
2015/01/09 13:03:15 Error  仅完成部分的 ReadProcessMemory 或 WriteProcessMemory 请求。
 (Utils\Utils.cpp#396)
2015/01/09 13:03:16 Error  仅完成部分的 ReadProcessMemory 或 WriteProcessMemory 请求。
 (Utils\Utils.cpp#396)
2015/01/09 13:03:21 Error  仅完成部分的 ReadProcessMemory 或 WriteProcessMemory 请求。
 (Utils\Utils.cpp#396)
2015/01/09 13:03:22 Error  仅完成部分的 ReadProcessMemory 或 WriteProcessMemory 请求。
 (Utils\Utils.cpp#396)
2015/01/09 13:03:23 Error  仅完成部分的 ReadProcessMemory 或 WriteProcessMemory 请求。
 (Utils\Utils.cpp#396)
2015/01/09 13:03:24 Error  仅完成部分的 ReadProcessMemory 或 WriteProcessMemory 请求。
 (Utils\Utils.cpp#396)
2015/01/09 13:03:25 Error  仅完成部分的 ReadProcessMemory 或 WriteProcessMemory 请求。
 (Utils\Utils.cpp#396)
2015/01/09 13:03:27 Error  仅完成部分的 ReadProcessMemory 或 WriteProcessMemory 请求。
 (Utils\Utils.cpp#396)
2015/01/09 13:03:27 Error  仅完成部分的 ReadProcessMemory 或 WriteProcessMemory 请求。
 (Utils\Utils.cpp#396)
2015/01/09 13:03:31 Error  仅完成部分的 ReadProcessMemory 或 WriteProcessMemory 请求。
 (Utils\Utils.cpp#396)
2015/01/09 13:03:42 Error  仅完成部分的 ReadProcessMemory 或 WriteProcessMemory 请求。
 (Utils\Utils.cpp#396)
2015/01/09 13:03:44 Error  仅完成部分的 ReadProcessMemory 或 WriteProcessMemory 请求。
 (Utils\Utils.cpp#396)
2015/01/09 13:03:44 Error  仅完成部分的 ReadProcessMemory 或 WriteProcessMemory 请求。
 (Utils\Utils.cpp#396)
2015/01/09 13:03:50 Error  仅完成部分的 ReadProcessMemory 或 WriteProcessMemory 请求。
 (Utils\Utils.cpp#396)
2015/01/09 13:03:52 Error  仅完成部分的 ReadProcessMemory 或 WriteProcessMemory 请求。
 (Utils\Utils.cpp#396)
2015/01/09 13:04:05 Error  仅完成部分的 ReadProcessMemory 或 WriteProcessMemory 请求。
 (Utils\Utils.cpp#396)
2015/01/09 13:04:17 Error  仅完成部分的 ReadProcessMemory 或 WriteProcessMemory 请求。
 (Utils\Utils.cpp#396)
2015/01/09 13:04:18 Error  仅完成部分的 ReadProcessMemory 或 WriteProcessMemory 请求。
 (Utils\Utils.cpp#396)
2015/01/09 13:04:29 Error  仅完成部分的 ReadProcessMemory 或 WriteProcessMemory 请求。
 (Utils\Utils.cpp#396)
2015/01/09 13:04:29 Error  仅完成部分的 ReadProcessMemory 或 WriteProcessMemory 请求。
 (Utils\Utils.cpp#396)
2015/01/09 13:04:32 Error  仅完成部分的 ReadProcessMemory 或 WriteProcessMemory 请求。
 (Utils\Utils.cpp#396)
2015/01/09 13:04:35 Error  仅完成部分的 ReadProcessMemory 或 WriteProcessMemory 请求。
 (Utils\Utils.cpp#396)
2015/01/09 13:04:35 Error  仅完成部分的 ReadProcessMemory 或 WriteProcessMemory 请求。
 (Utils\Utils.cpp#396)
2015/01/09 13:04:39 Error  仅完成部分的 ReadProcessMemory 或 WriteProcessMemory 请求。
 (Utils\Utils.cpp#396)
2015/01/09 13:04:41 Error  仅完成部分的 ReadProcessMemory 或 WriteProcessMemory 请求。
 (Utils\Utils.cpp#396)
2015/01/09 13:04:41 Error  仅完成部分的 ReadProcessMemory 或 WriteProcessMemory 请求。
 (Utils\Utils.cpp#396)
2015/01/09 13:04:47 Error  仅完成部分的 ReadProcessMemory 或 WriteProcessMemory 请求。
 (Utils\Utils.cpp#396)
2015/01/09 13:04:50 Error  仅完成部分的 ReadProcessMemory 或 WriteProcessMemory 请求。
 (Utils\Utils.cpp#396)
2015/01/09 13:04:50 Error  仅完成部分的 ReadProcessMemory 或 WriteProcessMemory 请求。
 (Utils\Utils.cpp#396)
2015/01/09 13:04:53 Error  仅完成部分的 ReadProcessMemory 或 WriteProcessMemory 请求。
 (Utils\Utils.cpp#396)
2015/01/09 13:04:54 Error  仅完成部分的 ReadProcessMemory 或 WriteProcessMemory 请求。
 (Utils\Utils.cpp#396)
2015/01/09 13:04:56 Error  仅完成部分的 ReadProcessMemory 或 WriteProcessMemory 请求。
 (Utils\Utils.cpp#396)
2015/01/09 13:05:09 Error  仅完成部分的 ReadProcessMemory 或 WriteProcessMemory 请求。
 (Utils\Utils.cpp#396)
2015/01/09 13:05:12 Error  仅完成部分的 ReadProcessMemory 或 WriteProcessMemory 请求。
 (Utils\Utils.cpp#396)
2015/01/09 13:05:17 Error  仅完成部分的 ReadProcessMemory 或 WriteProcessMemory 请求。
 (Utils\Utils.cpp#396)
2015/01/09 13:05:18 Error  仅完成部分的 ReadProcessMemory 或 WriteProcessMemory 请求。
 (Utils\Utils.cpp#396)
2015/01/09 13:05:19 Error  仅完成部分的 ReadProcessMemory 或 WriteProcessMemory 请求。
 (Utils\Utils.cpp#396)
2015/01/09 13:05:22 Error  仅完成部分的 ReadProcessMemory 或 WriteProcessMemory 请求。
 (Utils\Utils.cpp#396)
2015/01/09 13:05:44 Error  仅完成部分的 ReadProcessMemory 或 WriteProcessMemory 请求。
 (Utils\Utils.cpp#396)
2015/01/09 13:05:56 Error  仅完成部分的 ReadProcessMemory 或 WriteProcessMemory 请求。
 (Utils\Utils.cpp#396)
2015/01/09 13:06:01 Error  仅完成部分的 ReadProcessMemory 或 WriteProcessMemory 请求。
 (Utils\Utils.cpp#396)
2015/01/09 13:06:09 Error  仅完成部分的 ReadProcessMemory 或 WriteProcessMemory 请求。
 (Utils\Utils.cpp#396)
2015/01/09 13:06:16 Error  仅完成部分的 ReadProcessMemory 或 WriteProcessMemory 请求。
 (Utils\Utils.cpp#396)
2015/01/09 13:06:16 Error  仅完成部分的 ReadProcessMemory 或 WriteProcessMemory 请求。
 (Utils\Utils.cpp#396)
2015/01/09 13:06:29 Error  仅完成部分的 ReadProcessMemory 或 WriteProcessMemory 请求。
 (Utils\Utils.cpp#396)
2015/01/09 13:06:30 Error  仅完成部分的 ReadProcessMemory 或 WriteProcessMemory 请求。
 (Utils\Utils.cpp#396)
2015/01/09 13:06:32 Error  仅完成部分的 ReadProcessMemory 或 WriteProcessMemory 请求。
 (Utils\Utils.cpp#396)
2015/01/09 13:06:32 Error  仅完成部分的 ReadProcessMemory 或 WriteProcessMemory 请求。
 (Utils\Utils.cpp#396)
2015/01/09 13:06:36 Error  仅完成部分的 ReadProcessMemory 或 WriteProcessMemory 请求。
 (Utils\Utils.cpp#396)
2015/01/09 13:06:41 Error  仅完成部分的 ReadProcessMemory 或 WriteProcessMemory 请求。
 (Utils\Utils.cpp#396)
2015/01/09 13:06:50 Error  仅完成部分的 ReadProcessMemory 或 WriteProcessMemory 请求。
 (Utils\Utils.cpp#396)
2015/01/09 13:06:59 Error  仅完成部分的 ReadProcessMemory 或 WriteProcessMemory 请求。
 (Utils\Utils.cpp#396)
2015/01/09 13:07:01 Error  仅完成部分的 ReadProcessMemory 或 WriteProcessMemory 请求。
 (Utils\Utils.cpp#396)
2015/01/09 13:07:02 Error  仅完成部分的 ReadProcessMemory 或 WriteProcessMemory 请求。
 (Utils\Utils.cpp#396)
2015/01/09 13:07:07 Error  仅完成部分的 ReadProcessMemory 或 WriteProcessMemory 请求。
 (Utils\Utils.cpp#396)
2015/01/09 13:07:07 Error  仅完成部分的 ReadProcessMemory 或 WriteProcessMemory 请求。
 (Utils\Utils.cpp#396)
2015/01/09 13:07:11 Error  仅完成部分的 ReadProcessMemory 或 WriteProcessMemory 请求。
 (Utils\Utils.cpp#396)
2015/01/09 13:07:13 Error  仅完成部分的 ReadProcessMemory 或 WriteProcessMemory 请求。
 (Utils\Utils.cpp#396)
2015/01/09 13:07:19 Error  仅完成部分的 ReadProcessMemory 或 WriteProcessMemory 请求。
 (Utils\Utils.cpp#396)
2015/01/09 13:07:19 Error  仅完成部分的 ReadProcessMemory 或 WriteProcessMemory 请求。
 (Utils\Utils.cpp#396)
2015/01/09 13:07:26 Error  仅完成部分的 ReadProcessMemory 或 WriteProcessMemory 请求。
 (Utils\Utils.cpp#396)
2015/01/09 13:07:27 Error  仅完成部分的 ReadProcessMemory 或 WriteProcessMemory 请求。
 (Utils\Utils.cpp#396)
2015/01/09 13:07:33 Error  仅完成部分的 ReadProcessMemory 或 WriteProcessMemory 请求。
 (Utils\Utils.cpp#396)
2015/01/09 13:07:35 Error  仅完成部分的 ReadProcessMemory 或 WriteProcessMemory 请求。
 (Utils\Utils.cpp#396)
2015/01/09 13:07:41 Error  仅完成部分的 ReadProcessMemory 或 WriteProcessMemory 请求。
 (Utils\Utils.cpp#396)
2015/01/09 13:07:45 Error  仅完成部分的 ReadProcessMemory 或 WriteProcessMemory 请求。
 (Utils\Utils.cpp#396)
2015/01/09 13:07:45 Error  仅完成部分的 ReadProcessMemory 或 WriteProcessMemory 请求。
 (Utils\Utils.cpp#396)
2015/01/09 13:07:45 Error  仅完成部分的 ReadProcessMemory 或 WriteProcessMemory 请求。
 (Utils\Utils.cpp#396)
2015/01/09 13:07:46 Error  仅完成部分的 ReadProcessMemory 或 WriteProcessMemory 请求。
 (Utils\Utils.cpp#396)
2015/01/09 13:07:52 Error  仅完成部分的 ReadProcessMemory 或 WriteProcessMemory 请求。
 (Utils\Utils.cpp#396)
2015/01/09 13:08:01 Error  仅完成部分的 ReadProcessMemory 或 WriteProcessMemory 请求。
 (Utils\Utils.cpp#396)
2015/01/09 13:08:21 Error  仅完成部分的 ReadProcessMemory 或 WriteProcessMemory 请求。
 (Utils\Utils.cpp#396)
2015/01/09 13:08:21 Error  仅完成部分的 ReadProcessMemory 或 WriteProcessMemory 请求。
 (Utils\Utils.cpp#396)
2015/01/09 13:08:50 Error  仅完成部分的 ReadProcessMemory 或 WriteProcessMemory 请求。
 (Utils\Utils.cpp#396)
2015/01/09 13:08:57 Error  仅完成部分的 ReadProcessMemory 或 WriteProcessMemory 请求。
 (Utils\Utils.cpp#396)
2015/01/09 13:08:57 Error  仅完成部分的 ReadProcessMemory 或 WriteProcessMemory 请求。
 (Utils\Utils.cpp#396)
2015/01/09 13:09:08 Error  仅完成部分的 ReadProcessMemory 或 WriteProcessMemory 请求。
 (Utils\Utils.cpp#396)
2015/01/09 13:09:16 Error  仅完成部分的 ReadProcessMemory 或 WriteProcessMemory 请求。
 (Utils\Utils.cpp#396)
2015/01/09 13:09:42 Error  仅完成部分的 ReadProcessMemory 或 WriteProcessMemory 请求。
 (Utils\Utils.cpp#396)
2015/01/09 13:09:45 Error  仅完成部分的 ReadProcessMemory 或 WriteProcessMemory 请求。
 (Utils\Utils.cpp#396)
2015/01/09 13:09:46 Error  仅完成部分的 ReadProcessMemory 或 WriteProcessMemory 请求。
 (Utils\Utils.cpp#396)
2015/01/09 13:09:58 Error  仅完成部分的 ReadProcessMemory 或 WriteProcessMemory 请求。
 (Utils\Utils.cpp#396)
2015/01/09 13:10:11 Error  仅完成部分的 ReadProcessMemory 或 WriteProcessMemory 请求。
 (Utils\Utils.cpp#396)
2015/01/09 13:10:16 Error  仅完成部分的 ReadProcessMemory 或 WriteProcessMemory 请求。
 (Utils\Utils.cpp#396)
2015/01/09 13:11:04 Error  仅完成部分的 ReadProcessMemory 或 WriteProcessMemory 请求。
 (Utils\Utils.cpp#396)
2015/01/09 13:11:23 Error  仅完成部分的 ReadProcessMemory 或 WriteProcessMemory 请求。
 (Utils\Utils.cpp#396)
2015/01/09 13:11:23 Error  仅完成部分的 ReadProcessMemory 或 WriteProcessMemory 请求。
 (Utils\Utils.cpp#396)
2015/01/09 13:11:30 Error  仅完成部分的 ReadProcessMemory 或 WriteProcessMemory 请求。
 (Utils\Utils.cpp#396)
2015/01/09 13:11:31 Error  仅完成部分的 ReadProcessMemory 或 WriteProcessMemory 请求。
 (Utils\Utils.cpp#396)
2015/01/09 13:11:44 Error  仅完成部分的 ReadProcessMemory 或 WriteProcessMemory 请求。
 (Utils\Utils.cpp#396)
2015/01/09 13:11:49 Error  仅完成部分的 ReadProcessMemory 或 WriteProcessMemory 请求。
 (Utils\Utils.cpp#396)
2015/01/09 13:11:55 Error  仅完成部分的 ReadProcessMemory 或 WriteProcessMemory 请求。
 (Utils\Utils.cpp#396)
2015/01/09 13:11:59 Error  仅完成部分的 ReadProcessMemory 或 WriteProcessMemory 请求。
 (Utils\Utils.cpp#396)
2015/01/09 13:12:08 Error  仅完成部分的 ReadProcessMemory 或 WriteProcessMemory 请求。
 (Utils\Utils.cpp#396)
2015/01/09 13:12:08 Error  仅完成部分的 ReadProcessMemory 或 WriteProcessMemory 请求。
 (Utils\Utils.cpp#396)
2015/01/09 13:13:41 Error  仅完成部分的 ReadProcessMemory 或 WriteProcessMemory 请求。
 (Utils\Utils.cpp#396)
2015/01/09 13:13:54 Error  仅完成部分的 ReadProcessMemory 或 WriteProcessMemory 请求。
 (Utils\Utils.cpp#396)
2015/01/09 13:13:54 Error  仅完成部分的 ReadProcessMemory 或 WriteProcessMemory 请求。
 (Utils\Utils.cpp#396)
2015/01/09 13:13:54 Error  仅完成部分的 ReadProcessMemory 或 WriteProcessMemory 请求。
 (Utils\Utils.cpp#396)
2015/01/09 13:13:58 Error  仅完成部分的 ReadProcessMemory 或 WriteProcessMemory 请求。
 (Utils\Utils.cpp#396)
2015/01/09 13:13:58 Error  仅完成部分的 ReadProcessMemory 或 WriteProcessMemory 请求。
 (Utils\Utils.cpp#396)
2015/01/09 13:14:29 Error  仅完成部分的 ReadProcessMemory 或 WriteProcessMemory 请求。
 (Utils\Utils.cpp#396)
2015/01/09 13:14:29 Error  仅完成部分的 ReadProcessMemory 或 WriteProcessMemory 请求。
 (Utils\Utils.cpp#396)
2015/01/09 13:14:33 Error  仅完成部分的 ReadProcessMemory 或 WriteProcessMemory 请求。
 (Utils\Utils.cpp#396)
2015/01/09 13:14:37 Error  仅完成部分的 ReadProcessMemory 或 WriteProcessMemory 请求。
 (Utils\Utils.cpp#396)
2015/01/09 13:14:38 Error  仅完成部分的 ReadProcessMemory 或 WriteProcessMemory 请求。
 (Utils\Utils.cpp#396)
2015/01/09 13:15:32 Error  仅完成部分的 ReadProcessMemory 或 WriteProcessMemory 请求。
 (Utils\Utils.cpp#396)
2015/01/09 13:18:56 Error  仅完成部分的 ReadProcessMemory 或 WriteProcessMemory 请求。
 (Utils\Utils.cpp#396)
2015/01/09 13:18:57 Error  仅完成部分的 ReadProcessMemory 或 WriteProcessMemory 请求。
 (Utils\Utils.cpp#396)
2015/01/09 13:19:50 Error  仅完成部分的 ReadProcessMemory 或 WriteProcessMemory 请求。
 (Utils\Utils.cpp#396)
2015/01/09 13:20:46 Error  仅完成部分的 ReadProcessMemory 或 WriteProcessMemory 请求。
 (Utils\Utils.cpp#396)
2015/01/09 13:20:46 Error  仅完成部分的 ReadProcessMemory 或 WriteProcessMemory 请求。
 (Utils\Utils.cpp#396)
2015/01/09 13:20:50 Error  仅完成部分的 ReadProcessMemory 或 WriteProcessMemory 请求。
 (Utils\Utils.cpp#396)
2015/01/09 13:20:50 Error  仅完成部分的 ReadProcessMemory 或 WriteProcessMemory 请求。
 (Utils\Utils.cpp#396)
2015/01/09 13:21:10 Error  仅完成部分的 ReadProcessMemory 或 WriteProcessMemory 请求。
 (Utils\Utils.cpp#396)
2015/01/09 13:21:11 Error  仅完成部分的 ReadProcessMemory 或 WriteProcessMemory 请求。
 (Utils\Utils.cpp#396)
2015/01/09 13:21:21 Error  仅完成部分的 ReadProcessMemory 或 WriteProcessMemory 请求。
 (Utils\Utils.cpp#396)
2015/01/09 13:21:22 Error  仅完成部分的 ReadProcessMemory 或 WriteProcessMemory 请求。
 (Utils\Utils.cpp#396)
2015/01/09 13:21:36 Error  仅完成部分的 ReadProcessMemory 或 WriteProcessMemory 请求。
 (Utils\Utils.cpp#396)
2015/01/09 13:21:37 Error  仅完成部分的 ReadProcessMemory 或 WriteProcessMemory 请求。
 (Utils\Utils.cpp#396)
2015/01/09 13:21:39 Error  仅完成部分的 ReadProcessMemory 或 WriteProcessMemory 请求。
 (Utils\Utils.cpp#396)
2015/01/09 13:21:45 Error  仅完成部分的 ReadProcessMemory 或 WriteProcessMemory 请求。
 (Utils\Utils.cpp#396)
2015/01/09 13:21:46 Error  仅完成部分的 ReadProcessMemory 或 WriteProcessMemory 请求。
 (Utils\Utils.cpp#396)
2015/01/09 13:21:59 Error  仅完成部分的 ReadProcessMemory 或 WriteProcessMemory 请求。
 (Utils\Utils.cpp#396)
2015/01/09 13:21:59 Error  仅完成部分的 ReadProcessMemory 或 WriteProcessMemory 请求。
 (Utils\Utils.cpp#396)
2015/01/09 13:22:02 Error  仅完成部分的 ReadProcessMemory 或 WriteProcessMemory 请求。
 (Utils\Utils.cpp#396)
2015/01/09 13:22:02 Error  仅完成部分的 ReadProcessMemory 或 WriteProcessMemory 请求。
 (Utils\Utils.cpp#396)
2015/01/09 13:22:08 Error  仅完成部分的 ReadProcessMemory 或 WriteProcessMemory 请求。
 (Utils\Utils.cpp#396)
2015/01/09 13:22:14 Error  拒绝访问。
 (Utils\Utils.cpp#401)
2015/01/09 13:22:14 Error  仅完成部分的 ReadProcessMemory 或 WriteProcessMemory 请求。
 (Utils\Utils.cpp#396)
2015/01/09 13:22:17 Error  拒绝访问。
 (Utils\Utils.cpp#401)
2015/01/09 13:22:17 Error  仅完成部分的 ReadProcessMemory 或 WriteProcessMemory 请求。
 (Utils\Utils.cpp#396)
2015/01/09 13:22:18 Error  仅完成部分的 ReadProcessMemory 或 WriteProcessMemory 请求。
 (Utils\Utils.cpp#396)
2015/01/09 13:22:20 Error  仅完成部分的 ReadProcessMemory 或 WriteProcessMemory 请求。
 (Utils\Utils.cpp#396)
2015/01/09 13:22:22 Error  仅完成部分的 ReadProcessMemory 或 WriteProcessMemory 请求。
 (Utils\Utils.cpp#396)
2015/01/09 13:22:23 Error  拒绝访问。
 (Utils\Utils.cpp#401)
2015/01/09 13:22:24 Error  仅完成部分的 ReadProcessMemory 或 WriteProcessMemory 请求。
 (Utils\Utils.cpp#396)
2015/01/09 13:22:30 Error  仅完成部分的 ReadProcessMemory 或 WriteProcessMemory 请求。
 (Utils\Utils.cpp#396)
2015/01/09 13:22:32 Error  仅完成部分的 ReadProcessMemory 或 WriteProcessMemory 请求。
 (Utils\Utils.cpp#396)
2015/01/09 13:22:36 Error  仅完成部分的 ReadProcessMemory 或 WriteProcessMemory 请求。
 (Utils\Utils.cpp#396)
2015/01/09 13:22:38 Error  仅完成部分的 ReadProcessMemory 或 WriteProcessMemory 请求。
 (Utils\Utils.cpp#396)
2015/01/09 13:22:39 Error  仅完成部分的 ReadProcessMemory 或 WriteProcessMemory 请求。
 (Utils\Utils.cpp#396)
2015/01/09 13:22:40 Error  拒绝访问。
 (Utils\Utils.cpp#401)
2015/01/09 13:22:41 Error  拒绝访问。
 (Utils\Utils.cpp#401)
2015/01/09 13:22:42 Error  拒绝访问。
 (Utils\Utils.cpp#401)
2015/01/09 13:22:43 Error  仅完成部分的 ReadProcessMemory 或 WriteProcessMemory 请求。
 (Utils\Utils.cpp#396)
2015/01/09 13:22:46 Error  仅完成部分的 ReadProcessMemory 或 WriteProcessMemory 请求。
 (Utils\Utils.cpp#396)
2015/01/09 13:22:46 Error  仅完成部分的 ReadProcessMemory 或 WriteProcessMemory 请求。
 (Utils\Utils.cpp#396)
2015/01/09 13:22:47 Error  仅完成部分的 ReadProcessMemory 或 WriteProcessMemory 请求。
 (Utils\Utils.cpp#396)
2015/01/09 13:22:47 Error  仅完成部分的 ReadProcessMemory 或 WriteProcessMemory 请求。
 (Utils\Utils.cpp#396)
2015/01/09 13:22:49 Error  仅完成部分的 ReadProcessMemory 或 WriteProcessMemory 请求。
 (Utils\Utils.cpp#396)
2015/01/09 13:22:49 Error  仅完成部分的 ReadProcessMemory 或 WriteProcessMemory 请求。
 (Utils\Utils.cpp#396)
2015/01/09 13:22:52 Error  仅完成部分的 ReadProcessMemory 或 WriteProcessMemory 请求。
 (Utils\Utils.cpp#396)
2015/01/09 13:25:48 Error  仅完成部分的 ReadProcessMemory 或 WriteProcessMemory 请求。
 (Utils\Utils.cpp#396)
2015/01/09 13:25:48 Error  仅完成部分的 ReadProcessMemory 或 WriteProcessMemory 请求。
 (Utils\Utils.cpp#396)
2015/01/09 13:25:52 Error  仅完成部分的 ReadProcessMemory 或 WriteProcessMemory 请求。
 (Utils\Utils.cpp#396)
2015/01/09 13:25:52 Error  仅完成部分的 ReadProcessMemory 或 WriteProcessMemory 请求。
 (Utils\Utils.cpp#396)
2015/01/09 13:25:57 Error  仅完成部分的 ReadProcessMemory 或 WriteProcessMemory 请求。
 (Utils\Utils.cpp#396)
2015/01/09 13:25:57 Error  仅完成部分的 ReadProcessMemory 或 WriteProcessMemory 请求。
 (Utils\Utils.cpp#396)
2015/01/09 13:26:05 Error  拒绝访问。
 (Utils\Utils.cpp#401)
2015/01/09 13:26:06 Error  仅完成部分的 ReadProcessMemory 或 WriteProcessMemory 请求。
 (Utils\Utils.cpp#396)
2015/01/09 13:26:16 Error  仅完成部分的 ReadProcessMemory 或 WriteProcessMemory 请求。
 (Utils\Utils.cpp#396)
2015/01/09 13:26:19 Error  仅完成部分的 ReadProcessMemory 或 WriteProcessMemory 请求。
 (Utils\Utils.cpp#396)
2015/01/09 13:26:20 Error  仅完成部分的 ReadProcessMemory 或 WriteProcessMemory 请求。
 (Utils\Utils.cpp#396)
2015/01/09 13:26:22 Error  拒绝访问。
 (Utils\Utils.cpp#401)
2015/01/09 13:26:23 Error  仅完成部分的 ReadProcessMemory 或 WriteProcessMemory 请求。
 (Utils\Utils.cpp#396)
2015/01/09 13:26:26 Error  仅完成部分的 ReadProcessMemory 或 WriteProcessMemory 请求。
 (Utils\Utils.cpp#396)
2015/01/09 13:26:26 Error  仅完成部分的 ReadProcessMemory 或 WriteProcessMemory 请求。
 (Utils\Utils.cpp#396)
2015/01/09 13:26:33 Error  仅完成部分的 ReadProcessMemory 或 WriteProcessMemory 请求。
 (Utils\Utils.cpp#396)
2015/01/09 13:26:37 Error  仅完成部分的 ReadProcessMemory 或 WriteProcessMemory 请求。
 (Utils\Utils.cpp#396)
2015/01/09 13:26:37 Error  仅完成部分的 ReadProcessMemory 或 WriteProcessMemory 请求。
 (Utils\Utils.cpp#396)
2015/01/09 13:26:39 Error  仅完成部分的 ReadProcessMemory 或 WriteProcessMemory 请求。
 (Utils\Utils.cpp#396)
2015/01/09 13:26:41 Error  仅完成部分的 ReadProcessMemory 或 WriteProcessMemory 请求。
 (Utils\Utils.cpp#396)
2015/01/09 13:26:42 Error  拒绝访问。
 (Utils\Utils.cpp#401)
2015/01/09 13:26:43 Error  仅完成部分的 ReadProcessMemory 或 WriteProcessMemory 请求。
 (Utils\Utils.cpp#396)
2015/01/09 13:26:44 Error  仅完成部分的 ReadProcessMemory 或 WriteProcessMemory 请求。
 (Utils\Utils.cpp#396)
2015/01/09 13:26:45 Error  仅完成部分的 ReadProcessMemory 或 WriteProcessMemory 请求。
 (Utils\Utils.cpp#396)
2015/01/09 13:26:46 Error  拒绝访问。
 (Utils\Utils.cpp#401)
2015/01/09 13:26:47 Error  仅完成部分的 ReadProcessMemory 或 WriteProcessMemory 请求。
 (Utils\Utils.cpp#396)
2015/01/09 13:26:49 Error  仅完成部分的 ReadProcessMemory 或 WriteProcessMemory 请求。
 (Utils\Utils.cpp#396)
